343419465
344025351
0
303705623
353628967
364511320
253253394
276754752
0
314460570
363853863
336691882
310306630
368603654
374960881
357324425
370642133
342192329
328296537
343566607
334050586
299361654
357018345
344215652
358823497
329325829
366243411
344491779
327086749
340893901
342810460
316628644
351646031
374054701
324956733
335095724
351204879
340592324
364974056
330699359
302854102
387805810
374707788
342468210
351281133
356266699
316019484
377357777
348365512
295081817
285303371
183688649
302848535
323881038
360324412
330263329
334137941
341363295
366492109
376670447
361639761
223911749
305761971
270979450
347764350
366363248
368896639
359514197
359734265
377269574
361574114
360905575
320732833
357557690
341124282
370699882
0
310365295
326502714
349476225
262534675
305985176
329549665
356541779
357150893
236819525
341288109
330781860
358592457
331637197
377409075
353531297
314206172
332869934
385701617
210781153
359825565
350805484
365495031
329507634
