17422
14780
17421
16759
16185
16651
19209
16850
17286
13668
17431
12523
17143
15975
16090
18778
18507
17431
16613
16554
13033
15077
5595
17153
17763
13999
17181
17070
16714
17653
15957
15224
18338
16786
17857
17771
17514
15520
12467
16925
18441
18224
16698
17412
10758
16034
14503
17917
15351
17786
16991
13608
17119
19003
18094
15570
16141
16554
18016
16492
14705
18009
17561
11964
16644
15265
16332
18459
16934
16211
17747
18617
17525
17159
18728
18493
18711
16928
17700
18635
17018
16867
18328
13326
18881
10432
16326
16345
17295
16669
18591
17546
13195
16723
18191
18310
18178
16342
13482
9637
