15802
16203
17669
16334
16950
18540
13829
16434
18060
18556
16284
16876
17678
17054
17473
17219
14094
14851
18746
18681
16894
12139
15754
17845
19072
15955
18148
15213
15398
15668
16928
15629
0
15955
17795
15965
13557
16013
16492
18056
18175
5559
17667
13949
18856
17363
18877
18371
17542
16396
10623
17033
15562
14665
16613
14798
17667
16949
11886
17301
18282
17330
17080
18466
18550
13453
17005
17195
18658
16108
16318
17945
17834
18609
19315
19016
11549
18529
8417
17472
11539
17856
14069
19163
13980
16477
17058
16584
17036
15184
17517
18195
17541
18685
14335
16002
16757
14125
18976
17399
