28283
24667
23092
25472
13201
24500
9754
13567
27389
8400
11534
17314
0
23498
12622
18829
30258
6702
34212
21904
8932
6228
20639
10309
4808
0
5148
15919
15966
11343
24659
10193
0
12782
14661
1962
20315
9309
41051
0
9342
14877
506
7179
25583
28872
0
27593
10945
41626
5316
202
17901
8332
18138
22264
28492
17842
0
26936
2439
25222
11115
17215
0
11549
9875
27073
5886
0
7960
46477
14675
29035
18037
0
10982
8494
2308
5719
4203
9474
31863
18720
36059
8790
4913
27398
14816
14235
15256
1692
18564
2927
11013
12632
4892
23883
21369
11923
