10
1
120
15504
1
1
11
3060
3003
19448
12
55
120
8008
1365
11628
715
210
11
1716
8568
3876
210
455
1
286
1
10
1
2380
92378
3003
125970
455
6188
10
14
252
11628
17
3432
19448
220
19448
15
210
27132
18
1
125970
43758
165
1
1365
3876
495
18
3876
136
165
190
16
286
11628
1
15
120
1
165
792
3060
78
3432
1
167960
1
38760
45
14
1
462
1
4845
55
92378
8568
462
78
1001
715
220
560
48620
15
4368
12
55
364
1001
1
19
14
10
16
4368
45
19448
220
1
153
495
8008
816
45
45
15504
792
715
220
210
816
75582
1
43758
3060
286
1716
1
1365
55
77520
14
1
14
455
55
4845
3432
4845
330
3060
13
1820
1287
19448
3060
1
2380
120
171
330
8008
153
2380
78
171
1140
120
330
66
1
120
165
1287
1
6188
8568
1
43758
24310
6435
364
816
330
792
50388
4368
3060
75582
136
66
1
1
220
1001
77520
8568
17
12870
792
286
8568
14
43758
120
77520
5005
1365
165
120
66
14
1287
2380
13
1
27132
2380
50388
91
45
455
91
11
171
6188
19448
4368
19
92378
1001
153
1
171
120
15504
252
969
91
1001
3876
43758
924
1
165
11628
8568
136
3003
91
11440
16
15
3003
120
66
31824
19448
252
20
1
286
15504
1
816
12376
55
1140
210
12376
4368
330
15
220
220
8568
92378
27132
171
816
11
252
715
190
1
1
11628
8008
125970
38760
11628
13
19448
120
330
75582
91
560
45
210
16
3876
105
969
4368
11
75582
8008
38760
50388
6188
1
2002
75582
120
1
816
11
190
10
560
220
2002
3003
190
252
120
1
8008
11440
1
220
715
12376
5005
14
4845
1820
11628
10
66
2380
1001
462
1365
17
1
45
1
165
6188
924
6188
19
19448
6435
11
17
1
5005
1716
816
16
24310
105
3060
1
1
6188
48620
560
4368
210
1
17
18564
1
24310
1365
1
8008
1
13
1
1
13
15
55
10
105
55
11440
11440
1
3003
1
15
4368
2002
14
43758
1
4845
6188
17
78
13
364
6188
43758
1
55
120
55
2380
105
1820
3003
27132
6188
1
153
18
38760
8008
2002
560
18564
1820
3060
330
210
364
31824
3432
24310
3003
6435
12376
560
4845
1287
105
12376
792
6188
15
1
136
120
16
1001
1
3003
3003
91
1
66
6188
8568
1
1716
1365
78
2002
92378
1
2380
1
5005
11440
136
8008
1
18
1
6435
1
816
1
8008
2002
16
24310
6435
17
210
3432
12870
4845
75582
11
14
91
5005
210
17
11628
792
210
1
167960
18564
11
1001
1
1
105
55
462
816
92378
6435
455
455
3876
1
4368
66
1716
1
969
1287
31824
4368
252
13
495
1
13
1287
24310
560
792
43758
2002
125970
12870
1
18
120
6435
1
19
2380
1
3432
18564
1
14
50388
66
1287
1
18
165
1
715
75582
4845
252
171
105
15
364
27132
55
1
1820
286
1
5005
184756
2002
792
92378
286
12
252
136
45
1716
560
969
1
4368
75582
1
330
1716
2380
1
43758
6435
78
78
1
120
167960
77520
38760
14
462
1
190
18564
3003
252
1
3876
969
286
715
125970
120
1
2380
19
6188
165
1
18564
48620
15
495
1001
10
1
120
1365
13
462
12870
1716
220
1820
78
3003
330
19448
1
15504
1
120
8008
5005
11
165
8008
18
8568
1
165
2380
18
165
18564
560
1
11440
48620
19
1
4845
77520
78
1
1
165
14
15
136
969
15
20
18
18
136
15
171
27132
31824
1
16
1
171
6188
48620
2002
15
286
792
12
3060
715
77520
136
3003
19
12
8008
167960
1820
1
105
6435
45
92378
10
18
105
19448
1287
1
45
18564
210
6435
1287
220
18564
8008
66
1140
3876
31824
16
2380
2002
10
1
55
45
330
171
14
24310
3876
495
1
12376
330
3003
38760
210
8008
1820
2380
31824
14
1
495
77520
3876
153
171
120
1001
462
45
969
19448
1716
14
3003
12376
220
165
1
2380
12870
364
14
3876
16
78
1
92378
11440
14
2002
153
5005
27132
2380
4845
5005
45
792
495
12
6188
5005
18
1365
2002
16
55
330
43758
220
3003
330
20
136
1001
125970
27132
1
18564
10
13
1
24310
38760
1
1
1
969
680
4368
792
17
14
6188
24310
11628
210
1287
6435
3060
55
167960
1
136
8008
11440
924
1365
715
13
1
31824
17
1
4368
45
78
11
153
1
1287
1716
17
1
15504
220
171
1
3432
8008
1
43758
16
92378
1365
1
5005
136
77520
3060
252
1716
11440
1
48620
495
3060
330
27132
364
24310
462
91
77520
495
715
1140
210
10
1
495
560
5005
18564
19448
31824
1
55
1
78
45
17
2380
495
1
1
1
4368
330
495
120
220
1716
125970
462
16
19448
125970
4845
715
11440
210
11440
11
153
210
1
14
19448
4368
455
91
1
286
2002
18
1
220
1
3003
1
19448
45
969
153
6188
55
66
165
4368
1001
1
8568
3060
252
462
1
27132
680
55
120
1
92378
792
1
45
48620
816
92378
120
125970
1
167960
969
19448
462
78
1001
455
136
1
1
136
495
13
330
1
14
165
220
1
1001
680
210
55
12
3003
455
120
45
92378
6188
1
10
1716
43758
120
120
136