2019
2466
2402
1593
2601
1084
1595
2796
2555
2288
1851
2056
2094
1860
2592
2397
1822
2603
2646
1177
1484
1676
2103
1498
2090
2213
2718
1701
1770
1842
2096
2037
1709
2190
1419
2150
2030
1803
2070
2052
2771
1856
1576
2287
2576
1987
2373
2245
2500
1926
2325
2035
2153
2019
1808
2012
1835
1898
735
2750
2033
1942
2147
2585
2181
1979
2232
2382
1767
2724
2251
1648
1373
2546
2037
2025
2372
1188
1414
1905
2247
2145
2274
2813
1799
2377
2002
2355
1768
2091
2020
1505
1950
2177
1884
2039
2026
2239
2435
1915
2049
2214
2287
2314
2379
1731
1961
1714
1666
2414
1697
1595
1924
2204
1783
1798
2327
2263
2407
1456
933
2652
1796
1297
2215
2517
2752
1744
1571
2068
1524
2508
1655
1755
2073
2082
1817
2507
2474
2303
1906
1733
1513
1960
2176
2405
2365
2099
2010
2129
2377
2323
2521
1491
2437
1441
1483
2125
1535
2491
2452
2321
1909
2335
2471
1513
2163
2009
1812
1990
2431
1717
2550
2187
2516
2588
2312
2078
605
1809
2287
2647
2566
2141
2199
2017
2558
1759
2312
1448
1949
2339
2234
2808
2044
2153
2050
1800
2194
2121
2423
2179
2135
1439
2113
2155
1984
2233
1878
1838
2469
2016
2499
2861
2586
1980
2058
1795
2261
1859
2235
2363
2680
2267
2212
2390
1823
1936
2453
1652
2386
2539
2117
2428
1895
2033
2680
982
2168
1768
1929
1693
2463
1996
2497
812
2584
2580
2130
1920
2356
2586
2117
2006
2060
2087
2168
1975
2597
2053
1349
1887
1901
1549
2537
2555
2514
2299
2003
2252
1794
2532
1799
2036
2067
2127
1887
2488
2016
2070
2033
909
2096
2423
2156
1686
1212
2415
1679
2731
2618
2272
1696
2252
1996
2415
1855
2112
2149
1134
2752
2232
1436
2747
1947
2432
2411
1778
1809
2520
1142
2645
1495
2213
2095
2075
1392
2156
1508
1733
1581
2225
2194
1671
2092
1710
1992
2053
2261
1779
2592
1958
2160
1884
2661
2106
1334
2689
1864
1408
1696
1900
2040
2383
1750
2767
2312
1526
2282
1887
1837
1818
2310
1954
1337
2221
1320
2444
1343
1553
2087
1937
1961
2212
2553
2188
2525
1729
2330
1451
2205
1334
1999
1446
2083
1749
1946
1840
2240
1467
2004
2825
1979
2174
2340
2387
2409
1920
2294
2208
2559
2846
1895
2411
1552
1392
2337
2201
1223
2556
1918
1798
2563
2451
1828
1332
1464
1872
1938
1970
1968
1991
2342
2035
2049
1673
2604
1394
1671
1609
2771
2190
2698
2061
2138
2282
1719
1828
1948
2280
1382
2268
1798
1440
1728
2436
2351
2254
1933
1776
2309
1816
1907
1929
2319
2330
1906
2723
1830
1852
1571
2403
2345
2277
2615
1797
1435
2336
1481
1343
1313
2447
1773
1837
2399
1414
1491
1537
2405
2062
1487
2116
2554
1960
1541
2506
2265
2626
2064
1956
1272
2091
2170
1728
2391
1992
1130
2390
1686
2489
1973
2116
2285
1878
1844
2491
2162
2789
1869
2244
2580
2330
1973
2071
1784
1534
2507
2057
2164
2269
2482
2270
2238
2619
1826
2351
2266
1796
2607
2136
2590
2210
1612
1234
2427
2247
2018
1879
1884
2144
2240
2120
2401
2620
2866
2428
2621
2547
1853
1417
2555
1721
1678
2123
2635
1739
2428
2024
1852
2703
1751
2152
2350
2353
2279
2311
2686
2702
2111
2068
1551
1857
2697
2060
2591
1521
2047
1989
2076
1964
826
1742
1667
1450
2400
2215
2572
1684
2683
1682
2630
1246
2189
1633
2656
2399
748
2667
1453
1766
2583
1220
2010
2296
2113
1756
1562
2093
1605
2091
2053
2238
2279
2697
2138
1539
2363
2236
2486
2494
1890
2333
2676
1965
2194
2353
2496
1487
1895
2480
2600
2261
2615
2695
2603
1052
2062
1837
2068
2169
1807
2490
2262
1709
1991
2444
1249
2398
2771
2633
2448
1672
2484
1545
2309
2019
999
1755
2066
2314
1624
2399
2648
2526
2331
2678
2282
1860
1865
2287
1261
2831
2105
2668
1836
1852
1326
2177
2440
1270
2335
1328
1926
2462
1122
2173
2382
2708
2159
1921
1887
2370
2252
2739
2256
1599
2255
1955
1946
1800
2375
2237
2533
2501
2741
1543
1959
2445
1894
2491
1958
1891
1329
1825
1994
2170
2050
1899
2346
2330
1342
1842
1238
2508
1706
2403
2441
1908
2182
2663
2014
1923
1752
1062
2414
2387
2431
2922
1553
2097
1960
2645
1708
1722
1376
2577
1617
2116
2468
2413
1852
2752
2094
1695
2393
2008
2294
2293
2048
1639
2541
2370
2293
1483
2494
1852
1565
2420
1569
1982
1518
1698
2557
2637
2221
1857
2023
2404
2070
2515
1876
2411
2023
1509
1748
2150
1665
2598
2647
2425
1790
1935
1651
1421
1923
2714
2192
2381
2349
2184
2451
2726
1679
2104
2490
1003
2613
1284
1955
1972
2276
2671
2533
1876
2017
1951
2333
2066
2299
2486
2373
2147
2587
2250
2579
2424
1593
2114
2727
2032
2205
1635
1368
1698
2492
2297
1950
2414
1199
1816
2613
2367
2460
2154
2030
2703
1822
1660
2509
2582
2096
2488
2142
2240
2284
2146
1648
2259
2818
2530
2845
1713
1937
2162
2036
2467
1883
1931
2292
1587
2464
1538
1886
1402
1729
2310
1794
2310
2142
1277
2068
1935
1466
2698
2002
2157
2201
2174
2511
2496
1982
2658
1909
1746
1775
2461
1812
1959
2169
2192
1822
1354
1997
1428
1971
1803
2530
2144
2266
1542
2502
2370
1903
2168
2208
2658
2341
2514
1986
1704
2232
2590
2182
2121
1579
1550
1490
2579
1639
2680
2047
2717
1953
1572
2046
1318
1913
2620
2193
2539
1987
1736
2258
2297
2552
2535
2442
1851
2006
1199
1769
1496
2336
1509
1742
1600
2202
2347
1859
2493
2052
2148
1785
1858
1573
2131
2243
1563
2402
1372
2398
2132
1775
1995
2646
1313
1419
2236
1778
2579
2307
1728
2325
2185
2666
1963
1567
2292
2450
1549
1732
1674
2155
2067
2495
2239
1976
2093
2741
1858
2201
1840
2350
2424
1939
2364
1471
2640
2312
2121